{"action":{"type":"create_folder","targets":["/New Folder"],"destination":"/New Folder","requiresConfirmation":false,"confirmed":false},"success":true,"timestamp":"2026-04-09T06:47:00.317Z"}
{"action":{"type":"create_folder","targets":["/New Folder"],"destination":"/New Folder","requiresConfirmation":false},"success":false,"error":"FOLDER_ALREADY_EXISTS","timestamp":"2026-04-09T06:56:55.300Z"}
{"action":{"type":"create_folder","targets":["/Documents folder/New Folder"],"destination":"/Documents folder/New Folder","requiresConfirmation":false},"success":true,"timestamp":"2026-04-09T07:00:29.571Z"}
{"action":{"type":"create_folder","targets":["/Documents folder/as pic"],"destination":"/Documents folder/as pic","requiresConfirmation":false},"success":true,"timestamp":"2026-04-09T07:01:44.201Z"}
{"action":{"type":"create_folder","targets":["/Documents/pic"],"destination":"/Documents/pic","requiresConfirmation":false},"success":true,"timestamp":"2026-04-09T07:15:13.245Z"}
{"action":{"type":"create_folder","targets":["/New Folder"],"destination":"/New Folder","requiresConfirmation":false},"success":true,"timestamp":"2026-04-09T07:15:47.119Z"}
{"action":{"type":"create_folder","targets":["/Downloads/image"],"destination":"/Downloads/image","requiresConfirmation":false},"success":true,"timestamp":"2026-04-09T07:16:21.772Z"}
{"action":{"type":"create_file","targets":["/Documents/readme.txt"],"destination":"/Documents/readme.txt","requiresConfirmation":false},"success":true,"timestamp":"2026-04-09T07:32:07.186Z"}
{"action":{"type":"create_file","targets":["/Documents/pic/readme.txt"],"destination":"/Documents/pic/readme.txt","requiresConfirmation":false},"success":true,"timestamp":"2026-04-09T07:32:45.399Z"}
{"action":{"type":"create_file","targets":["/folder/readme.mp3"],"destination":"/folder/readme.mp3","requiresConfirmation":false},"success":false,"error":"PARENT_NOT_FOUND","timestamp":"2026-04-09T07:33:28.570Z"}
{"action":{"type":"create_file","targets":["/Music/readme.mp3"],"destination":"/Music/readme.mp3","requiresConfirmation":false},"success":true,"timestamp":"2026-04-09T07:35:13.626Z"}
{"action":{"type":"delete_files","targets":["/Music/vellake_anirudh_bgm.mp3","/Documents/readme.txt"],"requiresConfirmation":false},"success":true,"timestamp":"2026-04-09T07:35:55.576Z"}
{"action":{"type":"delete_files","targets":["/Music/vellake_anirudh_bgm.mp3","/Documents/readme.txt"],"requiresConfirmation":false},"success":false,"error":"PATH_NOT_FOUND","timestamp":"2026-04-09T07:37:21.857Z"}
{"action":{"type":"delete_files","targets":["/Music/readme.mp3"],"requiresConfirmation":false},"success":true,"timestamp":"2026-04-09T07:49:56.268Z"}
{"action":{"type":"rename_file","targets":["/Documents/Keerthana_R_AI_Engineer_Updated (4).docx"],"newName":"Keerthana_R_AI_Engineer.docx","requiresConfirmation":false},"success":true,"timestamp":"2026-04-09T09:02:40.080Z"}
{"action":{"type":"move_files","targets":["/Documents/Keerthana_R_AI_Engineer.docx"],"destination":"/Downloads folder","requiresConfirmation":false},"success":false,"error":"DESTINATION_NOT_DIRECTORY","timestamp":"2026-04-09T09:04:09.276Z"}
{"action":{"type":"move_files","targets":["/Documents/Keerthana_R_AI_Engineer.docx"],"destination":"/Downloads","requiresConfirmation":false},"success":true,"timestamp":"2026-04-09T09:07:50.765Z"}
{"action":{"type":"edit_file_content","targets":["/Downloads/Keerthana_R_AI_Engineer.docx"],"fileContent":"SUMMARY","requiresConfirmation":false},"success":false,"error":"UNSUPPORTED_FILE_TYPE","timestamp":"2026-04-09T09:10:40.756Z"}
{"action":{"type":"edit_file_content","targets":["/Downloads/Keerthana_R_AI_Engineer.docx"],"fileContent":"SUMMARY","replaceFrom":"PROFESSIONAL SUMMARY","replaceTo":"SUMMARY","requiresConfirmation":false},"success":true,"timestamp":"2026-04-09T09:26:20.782Z"}
{"action":{"type":"rename_file","targets":["/Downloads/Keerthana_R_AI_Engineer.docx"],"newName":"Keerthana_resume","requiresConfirmation":false},"success":true,"timestamp":"2026-04-09T09:39:34.814Z"}
{"action":{"type":"move_files","targets":["/Downloads/keerthana_resume.pdf"],"destination":"/Music","requiresConfirmation":false},"success":true,"timestamp":"2026-04-09T09:40:32.161Z"}
{"action":{"type":"edit_file_content","targets":["/Downloads/Keerthana_R_AI_Engineer_Updated.docx"],"fileContent":"SUMMARY","requiresConfirmation":false},"success":false,"error":"DOCX_REPLACE_REQUIRES_FROM_TO","timestamp":"2026-04-09T09:41:40.560Z"}
{"action":{"type":"rename_file","targets":["/Downloads/Keerthana_R_AI_Engineer_Updated.docx"],"newName":"Keerthana_R_AI_Engineer.docx","requiresConfirmation":false},"success":true,"timestamp":"2026-04-09T10:57:32.109Z"}
{"action":{"type":"move_files","targets":["/Downloads/Keerthana_R_AI_Engineer.docx"],"destination":"/Videos","requiresConfirmation":false},"success":true,"timestamp":"2026-04-09T10:58:17.703Z"}
{"action":{"type":"edit_file_content","targets":["/Videos/Keerthana_R_AI_Engineer.docx"],"fileContent":"summary","requiresConfirmation":false},"success":false,"error":"DOCX_REPLACE_REQUIRES_FROM_TO","timestamp":"2026-04-09T10:59:14.376Z"}
{"action":{"type":"create_folder","targets":["/videos/New Folder"],"destination":"/videos/New Folder","requiresConfirmation":false},"success":false,"error":"PARENT_NOT_FOUND","timestamp":"2026-04-09T10:59:54.028Z"}
{"action":{"type":"create_folder","targets":["/Videos/New Folder"],"destination":"/Videos/New Folder","requiresConfirmation":false},"success":true,"timestamp":"2026-04-09T11:00:20.195Z"}
{"action":{"type":"delete_files","targets":["/Projects/main.js"],"requiresConfirmation":false},"success":true,"timestamp":"2026-04-09T11:00:45.323Z"}
{"action":{"type":"delete_files","targets":["/Music/vellake_anirudh_bgm.mp3"],"requiresConfirmation":false},"success":true,"timestamp":"2026-04-09T11:06:29.820Z"}
{"action":{"type":"delete_files","targets":["/Videos/New Folder"],"requiresConfirmation":false},"success":true,"timestamp":"2026-04-09T11:12:20.491Z"}
{"action":{"type":"rename_file","targets":["/Downloads/Keerthana_resume"],"newName":"Keerthana","requiresConfirmation":false},"success":true,"timestamp":"2026-04-09T11:14:13.171Z"}
{"action":{"type":"move_files","targets":["/Downloads/Keerthana"],"destination":"/Videos","requiresConfirmation":false},"success":true,"timestamp":"2026-04-09T11:14:51.721Z"}
{"action":{"type":"create_folder","targets":["/Videos/pic"],"destination":"/Videos/pic","requiresConfirmation":false},"success":true,"timestamp":"2026-04-09T11:15:41.327Z"}
{"action":{"type":"delete_files","targets":["/Videos/Keerthana"],"requiresConfirmation":false},"success":true,"timestamp":"2026-04-09T11:16:14.894Z"}
